app/android/app/build/intermediates/manifest_merge_blame_file/debug/manifest-merger-blame-debug-report.txt
1<?xml version="1.0" encoding="utf-8"?>
2<manifest xmlns:android="http://schemas.android.com/apk/res/android"
3    package="com.cem"
4    android:versionCode="1"
5    android:versionName="1.0" >
6
7    <uses-sdk
8        android:minSdkVersion="16"
9        android:targetSdkVersion="29" />
10
11    <uses-permission android:name="android.permission.SYSTEM_ALERT_WINDOW" />
11-->src/debug/AndroidManifest.xml:5:5-77
11-->src/debug/AndroidManifest.xml:5:22-75
12    <uses-permission android:name="android.permission.INTERNET" />
12-->src/main/AndroidManifest.xml:4:5-67
12-->src/main/AndroidManifest.xml:4:22-64
13    <uses-permission android:name="android.permission.ACCESS_WIFI_STATE" /> <!-- Create a unique permission for your app and use it so only your app can receive your OneSignal messages. -->
13-->[com.facebook.flipper:flipper:0.37.0] AndroidManifest.xml:16:5-76
13-->[com.facebook.flipper:flipper:0.37.0] AndroidManifest.xml:16:22-73
14    <permission
14-->[com.onesignal:OneSignal:3.15.3] AndroidManifest.xml:7:5-9:47
15        android:name="com.cem.permission.C2D_MESSAGE"
15-->[com.onesignal:OneSignal:3.15.3] AndroidManifest.xml:8:9-63
16        android:protectionLevel="signature" />
16-->[com.onesignal:OneSignal:3.15.3] AndroidManifest.xml:9:9-44
17
18    <uses-permission android:name="com.cem.permission.C2D_MESSAGE" />
18-->[com.onesignal:OneSignal:3.15.3] AndroidManifest.xml:11:5-79
18-->[com.onesignal:OneSignal:3.15.3] AndroidManifest.xml:11:22-76
19    <uses-permission android:name="com.google.android.c2dm.permission.RECEIVE" /> <!-- Required, makes sure notifications are delivered on time. -->
19-->[com.onesignal:OneSignal:3.15.3] AndroidManifest.xml:17:5-82
19-->[com.onesignal:OneSignal:3.15.3] AndroidManifest.xml:17:22-79
20    <uses-permission android:name="android.permission.WAKE_LOCK" />
20-->[com.onesignal:OneSignal:3.15.3] AndroidManifest.xml:18:5-68
20-->[com.onesignal:OneSignal:3.15.3] AndroidManifest.xml:18:22-65
21    <!--
22 Required so the device vibrates on receiving a push notification.
23         Vibration settings of the device still apply.
24    -->
25    <uses-permission android:name="android.permission.VIBRATE" />
25-->[com.onesignal:OneSignal:3.15.3] AndroidManifest.xml:23:5-66
25-->[com.onesignal:OneSignal:3.15.3] AndroidManifest.xml:23:22-63
26    <uses-permission android:name="android.permission.ACCESS_NETWORK_STATE" />
26-->[com.onesignal:OneSignal:3.15.3] AndroidManifest.xml:24:5-79
26-->[com.onesignal:OneSignal:3.15.3] AndroidManifest.xml:24:22-76
27    <!--
28 Use to restore notifications the user hasn't interacted with.
29         They could be missed notifications if the user reboots their device if this isn't in place.
30    -->
31    <uses-permission android:name="android.permission.RECEIVE_BOOT_COMPLETED" /> <!-- START: ShortcutBadger -->
31-->[com.onesignal:OneSignal:3.15.3] AndroidManifest.xml:29:5-81
31-->[com.onesignal:OneSignal:3.15.3] AndroidManifest.xml:29:22-78
32    <!-- Samsung -->
33    <uses-permission android:name="com.sec.android.provider.badge.permission.READ" />
33-->[com.onesignal:OneSignal:3.15.3] AndroidManifest.xml:31:5-86
33-->[com.onesignal:OneSignal:3.15.3] AndroidManifest.xml:31:22-83
34    <uses-permission android:name="com.sec.android.provider.badge.permission.WRITE" /> <!-- HTC -->
34-->[com.onesignal:OneSignal:3.15.3] AndroidManifest.xml:32:5-87
34-->[com.onesignal:OneSignal:3.15.3] AndroidManifest.xml:32:22-84
35    <uses-permission android:name="com.htc.launcher.permission.READ_SETTINGS" />
35-->[com.onesignal:OneSignal:3.15.3] AndroidManifest.xml:33:5-81
35-->[com.onesignal:OneSignal:3.15.3] AndroidManifest.xml:33:22-78
36    <uses-permission android:name="com.htc.launcher.permission.UPDATE_SHORTCUT" /> <!-- Sony -->
36-->[com.onesignal:OneSignal:3.15.3] AndroidManifest.xml:34:5-83
36-->[com.onesignal:OneSignal:3.15.3] AndroidManifest.xml:34:22-80
37    <uses-permission android:name="com.sonyericsson.home.permission.BROADCAST_BADGE" />
37-->[com.onesignal:OneSignal:3.15.3] AndroidManifest.xml:35:5-88
37-->[com.onesignal:OneSignal:3.15.3] AndroidManifest.xml:35:22-85
38    <uses-permission android:name="com.sonymobile.home.permission.PROVIDER_INSERT_BADGE" /> <!-- Apex -->
38-->[com.onesignal:OneSignal:3.15.3] AndroidManifest.xml:36:5-92
38-->[com.onesignal:OneSignal:3.15.3] AndroidManifest.xml:36:22-89
39    <uses-permission android:name="com.anddoes.launcher.permission.UPDATE_COUNT" /> <!-- Solid -->
39-->[com.onesignal:OneSignal:3.15.3] AndroidManifest.xml:37:5-84
39-->[com.onesignal:OneSignal:3.15.3] AndroidManifest.xml:37:22-81
40    <uses-permission android:name="com.majeur.launcher.permission.UPDATE_BADGE" /> <!-- Huawei -->
40-->[com.onesignal:OneSignal:3.15.3] AndroidManifest.xml:38:5-83
40-->[com.onesignal:OneSignal:3.15.3] AndroidManifest.xml:38:22-80
41    <uses-permission android:name="com.huawei.android.launcher.permission.CHANGE_BADGE" />
41-->[com.onesignal:OneSignal:3.15.3] AndroidManifest.xml:39:5-91
41-->[com.onesignal:OneSignal:3.15.3] AndroidManifest.xml:39:22-88
42    <uses-permission android:name="com.huawei.android.launcher.permission.READ_SETTINGS" />
42-->[com.onesignal:OneSignal:3.15.3] AndroidManifest.xml:40:5-92
42-->[com.onesignal:OneSignal:3.15.3] AndroidManifest.xml:40:22-89
43    <uses-permission android:name="com.huawei.android.launcher.permission.WRITE_SETTINGS" /> <!-- ZUK -->
43-->[com.onesignal:OneSignal:3.15.3] AndroidManifest.xml:41:5-93
43-->[com.onesignal:OneSignal:3.15.3] AndroidManifest.xml:41:22-90
44    <uses-permission android:name="android.permission.READ_APP_BADGE" /> <!-- OPPO -->
44-->[com.onesignal:OneSignal:3.15.3] AndroidManifest.xml:42:5-73
44-->[com.onesignal:OneSignal:3.15.3] AndroidManifest.xml:42:22-70
45    <uses-permission android:name="com.oppo.launcher.permission.READ_SETTINGS" />
45-->[com.onesignal:OneSignal:3.15.3] AndroidManifest.xml:43:5-82
45-->[com.onesignal:OneSignal:3.15.3] AndroidManifest.xml:43:22-79
46    <uses-permission android:name="com.oppo.launcher.permission.WRITE_SETTINGS" /> <!-- EvMe -->
46-->[com.onesignal:OneSignal:3.15.3] AndroidManifest.xml:44:5-83
46-->[com.onesignal:OneSignal:3.15.3] AndroidManifest.xml:44:22-80
47    <uses-permission android:name="me.everything.badger.permission.BADGE_COUNT_READ" />
47-->[com.onesignal:OneSignal:3.15.3] AndroidManifest.xml:45:5-88
47-->[com.onesignal:OneSignal:3.15.3] AndroidManifest.xml:45:22-85
48    <uses-permission android:name="me.everything.badger.permission.BADGE_COUNT_WRITE" />
48-->[com.onesignal:OneSignal:3.15.3] AndroidManifest.xml:46:5-89
48-->[com.onesignal:OneSignal:3.15.3] AndroidManifest.xml:46:22-86
49
50    <application
50-->src/main/AndroidManifest.xml:6:5-32:19
51        android:name="com.cem.MainApplication"
51-->src/main/AndroidManifest.xml:7:7-38
52        android:allowBackup="false"
52-->src/main/AndroidManifest.xml:11:7-34
53        android:appComponentFactory="androidx.core.app.CoreComponentFactory"
53-->[androidx.core:core:1.1.0] AndroidManifest.xml:24:18-86
54        android:debuggable="true"
55        android:icon="@drawable/icon"
55-->src/main/AndroidManifest.xml:9:7-36
56        android:label="@string/app_name"
56-->src/main/AndroidManifest.xml:8:7-39
57        android:roundIcon="@drawable/icon"
57-->src/main/AndroidManifest.xml:10:7-41
58        android:theme="@style/AppTheme"
58-->src/main/AndroidManifest.xml:12:7-38
59        android:usesCleartextTraffic="true" >
59-->src/debug/AndroidManifest.xml:7:18-53
60        <activity
60-->src/main/AndroidManifest.xml:13:7-30:18
61            android:name="com.cem.MainActivity"
61-->src/main/AndroidManifest.xml:14:9-37
62            android:configChanges="keyboard|keyboardHidden|orientation|screenSize|uiMode"
62-->src/main/AndroidManifest.xml:16:9-86
63            android:label="@string/app_name"
63-->src/main/AndroidManifest.xml:15:9-41
64            android:launchMode="singleTask"
64-->src/main/AndroidManifest.xml:17:9-40
65            android:screenOrientation="portrait"
65-->src/main/AndroidManifest.xml:18:9-45
66            android:windowSoftInputMode="adjustResize" >
66-->src/main/AndroidManifest.xml:19:9-51
67            <intent-filter>
67-->src/main/AndroidManifest.xml:20:9-23:25
68                <action android:name="android.intent.action.MAIN" />
68-->src/main/AndroidManifest.xml:21:13-65
68-->src/main/AndroidManifest.xml:21:21-62
69
70                <category android:name="android.intent.category.LAUNCHER" />
70-->src/main/AndroidManifest.xml:22:13-73
70-->src/main/AndroidManifest.xml:22:23-70
71            </intent-filter>
72            <intent-filter>
72-->src/main/AndroidManifest.xml:24:9-29:25
73                <action android:name="android.intent.action.VIEW" />
73-->src/main/AndroidManifest.xml:25:13-65
73-->src/main/AndroidManifest.xml:25:21-62
74
75                <category android:name="android.intent.category.DEFAULT" />
75-->src/main/AndroidManifest.xml:26:13-72
75-->src/main/AndroidManifest.xml:26:23-69
76                <category android:name="android.intent.category.BROWSABLE" />
76-->src/main/AndroidManifest.xml:27:13-74
76-->src/main/AndroidManifest.xml:27:23-71
77
78                <data android:scheme="cem" />
78-->src/main/AndroidManifest.xml:28:13-42
78-->src/main/AndroidManifest.xml:28:19-39
79            </intent-filter>
80        </activity>
81        <activity android:name="com.facebook.react.devsupport.DevSettingsActivity" />
81-->src/main/AndroidManifest.xml:31:7-84
81-->src/main/AndroidManifest.xml:31:17-81
82
83        <meta-data
83-->[com.onesignal:OneSignal:3.15.3] AndroidManifest.xml:49:9-51:51
84            android:name="onesignal_app_id"
84-->[com.onesignal:OneSignal:3.15.3] AndroidManifest.xml:50:13-44
85            android:value="" /> <!-- Deprecated - Pulled from OneSignal dashboard. -->
85-->[com.onesignal:OneSignal:3.15.3] AndroidManifest.xml:51:13-48
86        <meta-data
86-->[com.onesignal:OneSignal:3.15.3] AndroidManifest.xml:53:9-55:70
87            android:name="onesignal_google_project_number"
87-->[com.onesignal:OneSignal:3.15.3] AndroidManifest.xml:54:13-59
88            android:value="str:REMOTE" />
88-->[com.onesignal:OneSignal:3.15.3] AndroidManifest.xml:55:13-67
89
90        <receiver
90-->[com.onesignal:OneSignal:3.15.3] AndroidManifest.xml:57:9-67:20
91            android:name="com.onesignal.GcmBroadcastReceiver"
91-->[com.onesignal:OneSignal:3.15.3] AndroidManifest.xml:58:13-62
92            android:permission="com.google.android.c2dm.permission.SEND" >
92-->[com.onesignal:OneSignal:3.15.3] AndroidManifest.xml:59:13-73
93
94            <!-- High priority so OneSignal payloads can be filtered from other GCM receivers if filterOtherGCMReceivers is enabled. -->
95            <intent-filter android:priority="999" >
95-->[com.onesignal:OneSignal:3.15.3] AndroidManifest.xml:62:13-66:29
95-->[com.onesignal:OneSignal:3.15.3] AndroidManifest.xml:62:28-50
96                <action android:name="com.google.android.c2dm.intent.RECEIVE" />
96-->[com.onesignal:OneSignal:3.15.3] AndroidManifest.xml:63:17-81
96-->[com.onesignal:OneSignal:3.15.3] AndroidManifest.xml:63:25-78
97
98                <category android:name="com.cem" />
98-->[com.onesignal:OneSignal:3.15.3] AndroidManifest.xml:65:17-61
98-->[com.onesignal:OneSignal:3.15.3] AndroidManifest.xml:65:27-58
99            </intent-filter>
100        </receiver>
101        <receiver android:name="com.onesignal.NotificationOpenedReceiver" />
101-->[com.onesignal:OneSignal:3.15.3] AndroidManifest.xml:68:9-77
101-->[com.onesignal:OneSignal:3.15.3] AndroidManifest.xml:68:19-74
102
103        <service
103-->[com.onesignal:OneSignal:3.15.3] AndroidManifest.xml:70:9-76:19
104            android:name="com.onesignal.HmsMessageServiceOneSignal"
104-->[com.onesignal:OneSignal:3.15.3] AndroidManifest.xml:71:13-68
105            android:exported="false" >
105-->[com.onesignal:OneSignal:3.15.3] AndroidManifest.xml:72:13-37
106            <intent-filter>
106-->[com.onesignal:OneSignal:3.15.3] AndroidManifest.xml:73:13-75:29
107                <action android:name="com.huawei.push.action.MESSAGING_EVENT" />
107-->[com.onesignal:OneSignal:3.15.3] AndroidManifest.xml:74:17-81
107-->[com.onesignal:OneSignal:3.15.3] AndroidManifest.xml:74:25-78
108            </intent-filter>
109        </service>
110
111        <activity
111-->[com.onesignal:OneSignal:3.15.3] AndroidManifest.xml:78:9-84:20
112            android:name="com.onesignal.NotificationOpenedActivityHMS"
112-->[com.onesignal:OneSignal:3.15.3] AndroidManifest.xml:79:13-71
113            android:theme="@android:style/Theme.Translucent.NoTitleBar" >
113-->[com.onesignal:OneSignal:3.15.3] AndroidManifest.xml:80:13-72
114            <intent-filter>
114-->[com.onesignal:OneSignal:3.15.3] AndroidManifest.xml:81:13-83:29
115                <action android:name="android.intent.action.VIEW" />
115-->src/main/AndroidManifest.xml:25:13-65
115-->src/main/AndroidManifest.xml:25:21-62
116            </intent-filter>
117        </activity>
118
119        <service android:name="com.onesignal.GcmIntentService" />
119-->[com.onesignal:OneSignal:3.15.3] AndroidManifest.xml:86:9-66
119-->[com.onesignal:OneSignal:3.15.3] AndroidManifest.xml:86:18-63
120        <service
120-->[com.onesignal:OneSignal:3.15.3] AndroidManifest.xml:87:9-89:72
121            android:name="com.onesignal.GcmIntentJobService"
121-->[com.onesignal:OneSignal:3.15.3] AndroidManifest.xml:88:13-61
122            android:permission="android.permission.BIND_JOB_SERVICE" />
122-->[com.onesignal:OneSignal:3.15.3] AndroidManifest.xml:89:13-69
123        <service
123-->[com.onesignal:OneSignal:3.15.3] AndroidManifest.xml:90:9-92:72
124            android:name="com.onesignal.RestoreJobService"
124-->[com.onesignal:OneSignal:3.15.3] AndroidManifest.xml:91:13-59
125            android:permission="android.permission.BIND_JOB_SERVICE" />
125-->[com.onesignal:OneSignal:3.15.3] AndroidManifest.xml:92:13-69
126        <service
126-->[com.onesignal:OneSignal:3.15.3] AndroidManifest.xml:93:9-95:72
127            android:name="com.onesignal.RestoreKickoffJobService"
127-->[com.onesignal:OneSignal:3.15.3] AndroidManifest.xml:94:13-66
128            android:permission="android.permission.BIND_JOB_SERVICE" />
128-->[com.onesignal:OneSignal:3.15.3] AndroidManifest.xml:95:13-69
129        <service
129-->[com.onesignal:OneSignal:3.15.3] AndroidManifest.xml:96:9-98:43
130            android:name="com.onesignal.SyncService"
130-->[com.onesignal:OneSignal:3.15.3] AndroidManifest.xml:97:13-53
131            android:stopWithTask="true" />
131-->[com.onesignal:OneSignal:3.15.3] AndroidManifest.xml:98:13-40
132        <service
132-->[com.onesignal:OneSignal:3.15.3] AndroidManifest.xml:99:9-101:72
133            android:name="com.onesignal.SyncJobService"
133-->[com.onesignal:OneSignal:3.15.3] AndroidManifest.xml:100:13-56
134            android:permission="android.permission.BIND_JOB_SERVICE" />
134-->[com.onesignal:OneSignal:3.15.3] AndroidManifest.xml:101:13-69
135
136        <activity
136-->[com.onesignal:OneSignal:3.15.3] AndroidManifest.xml:103:9-105:75
137            android:name="com.onesignal.PermissionsActivity"
137-->[com.onesignal:OneSignal:3.15.3] AndroidManifest.xml:104:13-61
138            android:theme="@android:style/Theme.Translucent.NoTitleBar" />
138-->[com.onesignal:OneSignal:3.15.3] AndroidManifest.xml:105:13-72
139
140        <service android:name="com.onesignal.NotificationRestoreService" />
140-->[com.onesignal:OneSignal:3.15.3] AndroidManifest.xml:107:9-76
140-->[com.onesignal:OneSignal:3.15.3] AndroidManifest.xml:107:18-73
141
142        <receiver android:name="com.onesignal.BootUpReceiver" >
142-->[com.onesignal:OneSignal:3.15.3] AndroidManifest.xml:109:9-114:20
142-->[com.onesignal:OneSignal:3.15.3] AndroidManifest.xml:109:19-62
143            <intent-filter>
143-->[com.onesignal:OneSignal:3.15.3] AndroidManifest.xml:110:13-113:29
144                <action android:name="android.intent.action.BOOT_COMPLETED" />
144-->[com.onesignal:OneSignal:3.15.3] AndroidManifest.xml:111:17-79
144-->[com.onesignal:OneSignal:3.15.3] AndroidManifest.xml:111:25-76
145                <action android:name="android.intent.action.QUICKBOOT_POWERON" />
145-->[com.onesignal:OneSignal:3.15.3] AndroidManifest.xml:112:17-82
145-->[com.onesignal:OneSignal:3.15.3] AndroidManifest.xml:112:25-79
146            </intent-filter>
147        </receiver>
148        <receiver android:name="com.onesignal.UpgradeReceiver" >
148-->[com.onesignal:OneSignal:3.15.3] AndroidManifest.xml:115:9-119:20
148-->[com.onesignal:OneSignal:3.15.3] AndroidManifest.xml:115:19-63
149            <intent-filter>
149-->[com.onesignal:OneSignal:3.15.3] AndroidManifest.xml:116:13-118:29
150                <action android:name="android.intent.action.MY_PACKAGE_REPLACED" />
150-->[com.onesignal:OneSignal:3.15.3] AndroidManifest.xml:117:17-84
150-->[com.onesignal:OneSignal:3.15.3] AndroidManifest.xml:117:25-81
151            </intent-filter>
152        </receiver>
153        <!--
154             FirebaseMessagingService performs security checks at runtime,
155             no need for explicit permissions despite exported="true"
156        -->
157        <service
157-->[com.google.firebase:firebase-messaging:17.3.4] AndroidManifest.xml:28:9-34:19
158            android:name="com.google.firebase.messaging.FirebaseMessagingService"
158-->[com.google.firebase:firebase-messaging:17.3.4] AndroidManifest.xml:29:13-82
159            android:exported="true" >
159-->[com.google.firebase:firebase-messaging:17.3.4] AndroidManifest.xml:30:13-36
160            <intent-filter android:priority="-500" >
160-->[com.google.firebase:firebase-messaging:17.3.4] AndroidManifest.xml:31:13-33:29
160-->[com.google.firebase:firebase-messaging:17.3.4] AndroidManifest.xml:31:28-51
161                <action android:name="com.google.firebase.MESSAGING_EVENT" />
161-->[com.google.firebase:firebase-messaging:17.3.4] AndroidManifest.xml:32:17-78
161-->[com.google.firebase:firebase-messaging:17.3.4] AndroidManifest.xml:32:25-75
162            </intent-filter>
163        </service>
164        <service
164-->[com.google.firebase:firebase-iid:17.0.4] AndroidManifest.xml:29:9-35:19
165            android:name="com.google.firebase.components.ComponentDiscoveryService"
165-->[com.google.firebase:firebase-iid:17.0.4] AndroidManifest.xml:30:13-84
166            android:exported="false" >
166-->[com.google.firebase:firebase-iid:17.0.4] AndroidManifest.xml:31:13-37
167            <meta-data
167-->[com.google.firebase:firebase-iid:17.0.4] AndroidManifest.xml:32:13-34:85
168                android:name="com.google.firebase.components:com.google.firebase.iid.Registrar"
168-->[com.google.firebase:firebase-iid:17.0.4] AndroidManifest.xml:33:17-96
169                android:value="com.google.firebase.components.ComponentRegistrar" />
169-->[com.google.firebase:firebase-iid:17.0.4] AndroidManifest.xml:34:17-82
170        </service>
171
172        <receiver
172-->[com.google.firebase:firebase-iid:17.0.4] AndroidManifest.xml:37:9-44:20
173            android:name="com.google.firebase.iid.FirebaseInstanceIdReceiver"
173-->[com.google.firebase:firebase-iid:17.0.4] AndroidManifest.xml:38:13-78
174            android:exported="true"
174-->[com.google.firebase:firebase-iid:17.0.4] AndroidManifest.xml:39:13-36
175            android:permission="com.google.android.c2dm.permission.SEND" >
175-->[com.google.firebase:firebase-iid:17.0.4] AndroidManifest.xml:40:13-73
176            <intent-filter>
176-->[com.google.firebase:firebase-iid:17.0.4] AndroidManifest.xml:41:13-43:29
177                <action android:name="com.google.android.c2dm.intent.RECEIVE" />
177-->[com.onesignal:OneSignal:3.15.3] AndroidManifest.xml:63:17-81
177-->[com.onesignal:OneSignal:3.15.3] AndroidManifest.xml:63:25-78
178            </intent-filter>
179        </receiver>
180        <!--
181             FirebaseInstanceIdService performs security checks at runtime,
182             no need for explicit permissions despite exported="true"
183        -->
184        <service
184-->[com.google.firebase:firebase-iid:17.0.4] AndroidManifest.xml:50:9-56:19
185            android:name="com.google.firebase.iid.FirebaseInstanceIdService"
185-->[com.google.firebase:firebase-iid:17.0.4] AndroidManifest.xml:51:13-77
186            android:exported="true" >
186-->[com.google.firebase:firebase-iid:17.0.4] AndroidManifest.xml:52:13-36
187            <intent-filter android:priority="-500" >
187-->[com.google.firebase:firebase-iid:17.0.4] AndroidManifest.xml:53:13-55:29
187-->[com.google.firebase:firebase-iid:17.0.4] AndroidManifest.xml:53:28-51
188                <action android:name="com.google.firebase.INSTANCE_ID_EVENT" />
188-->[com.google.firebase:firebase-iid:17.0.4] AndroidManifest.xml:54:17-80
188-->[com.google.firebase:firebase-iid:17.0.4] AndroidManifest.xml:54:25-77
189            </intent-filter>
190        </service>
191
192        <provider
192-->[com.google.firebase:firebase-common:16.0.3] AndroidManifest.xml:10:9-14:39
193            android:name="com.google.firebase.provider.FirebaseInitProvider"
193-->[com.google.firebase:firebase-common:16.0.3] AndroidManifest.xml:11:13-77
194            android:authorities="com.cem.firebaseinitprovider"
194-->[com.google.firebase:firebase-common:16.0.3] AndroidManifest.xml:12:13-72
195            android:exported="false"
195-->[com.google.firebase:firebase-common:16.0.3] AndroidManifest.xml:13:13-37
196            android:initOrder="100" />
196-->[com.google.firebase:firebase-common:16.0.3] AndroidManifest.xml:14:13-36
197
198        <activity
198-->[com.google.android.gms:play-services-base:16.0.1] AndroidManifest.xml:23:9-26:75
199            android:name="com.google.android.gms.common.api.GoogleApiActivity"
199-->[com.google.android.gms:play-services-base:16.0.1] AndroidManifest.xml:24:13-79
200            android:exported="false"
200-->[com.google.android.gms:play-services-base:16.0.1] AndroidManifest.xml:25:13-37
201            android:theme="@android:style/Theme.Translucent.NoTitleBar" />
201-->[com.google.android.gms:play-services-base:16.0.1] AndroidManifest.xml:26:13-72
202
203        <meta-data
203-->[com.google.android.gms:play-services-basement:16.0.1] AndroidManifest.xml:23:9-25:69
204            android:name="com.google.android.gms.version"
204-->[com.google.android.gms:play-services-basement:16.0.1] AndroidManifest.xml:24:13-58
205            android:value="@integer/google_play_services_version" />
205-->[com.google.android.gms:play-services-basement:16.0.1] AndroidManifest.xml:25:13-66
206    </application>
207
208</manifest>